
-----------------------------------------------------------------
  pg_upgrade run on Fri May 20 00:12:11 2016
-----------------------------------------------------------------


-----------------------------------------------------------------
  pg_upgrade run on Fri May 20 00:14:04 2016
-----------------------------------------------------------------


-----------------------------------------------------------------
  pg_upgrade run on Fri May 20 00:17:53 2016
-----------------------------------------------------------------


-----------------------------------------------------------------
  pg_upgrade run on Fri May 20 00:20:01 2016
-----------------------------------------------------------------

command: "/Users/frescoraja/Downloads/Postgres94.app/Contents/Versions/9.4/bin/pg_ctl" -w -l "pg_upgrade_server.log" -D "/Users/frescoraja/Library/Application Support/Postgres/var-9.4" -o "-p 50432 -b  -c listen_addresses='' -c unix_socket_permissions=0700 -c unix_socket_directories='/Users/frescoraja/Documents/Development/projects/workspace/digiSFere'" start >> "pg_upgrade_server.log" 2>&1
dyld: Library not loaded: /Applications/Postgres.app/Contents/Versions/9.4/lib/libxml2.2.dylib
  Referenced from: /Users/frescoraja/Downloads/Postgres94.app/Contents/Versions/9.4/bin/postgres
  Reason: Incompatible library version: postgres requires version 12.0.0 or later, but libxml2.2.dylib provides version 10.0.0
no data was returned by command ""/Users/frescoraja/Downloads/Postgres94.app/Contents/Versions/9.4/bin/postgres" -V"
The program "postgres" is needed by pg_ctl but was not found in the
same directory as "/Users/frescoraja/Downloads/Postgres94.app/Contents/Versions/9.4/bin/pg_ctl".
Check your installation.



-----------------------------------------------------------------
  pg_upgrade run on Fri May 20 00:20:20 2016
-----------------------------------------------------------------

command: "/Applications/Postgres.app/Contents/Versions/latest/bin/pg_ctl" -w -l "pg_upgrade_server.log" -D "/Users/frescoraja/Library/Application Support/Postgres/var-9.5" -o "-p 50432 -c autovacuum=off -c autovacuum_freeze_max_age=2000000000 -c synchronous_commit=off -c fsync=off -c full_page_writes=off  -c listen_addresses='' -c unix_socket_permissions=0700" start >> "pg_upgrade_server.log" 2>&1
pg_ctl: another server might be running; trying to start server anyway
waiting for server to start....FATAL:  lock file "postmaster.pid" already exists
HINT:  Is another postmaster (PID 8246) running in data directory "/Users/frescoraja/Library/Application Support/Postgres/var-9.5"?
 stopped waiting
pg_ctl: could not start server
Examine the log output.



-----------------------------------------------------------------
  pg_upgrade run on Fri May 20 00:20:29 2016
-----------------------------------------------------------------

command: "/Applications/Postgres.app/Contents/Versions/latest/bin/pg_ctl" -w -l "pg_upgrade_server.log" -D "/Users/frescoraja/Library/Application Support/Postgres/var-9.5" -o "-p 50432 -c autovacuum=off -c autovacuum_freeze_max_age=2000000000 -c synchronous_commit=off -c fsync=off -c full_page_writes=off  -c listen_addresses='' -c unix_socket_permissions=0700" start >> "pg_upgrade_server.log" 2>&1
pg_ctl: another server might be running; trying to start server anyway
waiting for server to start....FATAL:  lock file "postmaster.pid" already exists
HINT:  Is another postmaster (PID 8246) running in data directory "/Users/frescoraja/Library/Application Support/Postgres/var-9.5"?
 stopped waiting
pg_ctl: could not start server
Examine the log output.


